<?xml version="1.0" encoding="UTF-8"?>
<!-- Generated by org.testng.reporters.JUnitReportReporter -->
<testsuite hostname="IN-PG02NMH2" failures="0" tests="1" name="BENCH.JENKINS.Negative" time="2.484" errors="0" timestamp="2023-07-19T17:09:15 IST" skipped="0">
  <testcase classname="BENCH.JENKINS.Negative" name="negative" time="2.484"/>
  <system-out/>
</testsuite> <!-- BENCH.JENKINS.Negative -->
